<?xml version="1.0" encoding="UTF-8"?>
<testng-results ignored="0" total="2" passed="2" failed="0" skipped="0">
  <reporter-output>
  </reporter-output>
  <suite started-at="2024-10-15T14:11:04 IST" name="Surefire suite" finished-at="2024-10-15T14:11:04 IST" duration-ms="95">
    <groups>
    </groups>
    <test started-at="2024-10-15T14:11:04 IST" name="Surefire test" finished-at="2024-10-15T14:11:04 IST" duration-ms="95">
      <class name="com.sdet.AppTest">
        <test-method signature="testLogin1()[pri:0, instance:com.sdet.AppTest@5c1a8622]" started-at="2024-10-15T14:11:04 IST" name="testLogin1" finished-at="2024-10-15T14:11:04 IST" duration-ms="21" status="PASS">
          <reporter-output>
          </reporter-output>
        </test-method> <!-- testLogin1 -->
        <test-method signature="testLogin2()[pri:0, instance:com.sdet.AppTest@5c1a8622]" started-at="2024-10-15T14:11:04 IST" name="testLogin2" finished-at="2024-10-15T14:11:04 IST" duration-ms="2" status="PASS">
          <reporter-output>
          </reporter-output>
        </test-method> <!-- testLogin2 -->
      </class> <!-- com.sdet.AppTest -->
    </test> <!-- Surefire test -->
  </suite> <!-- Surefire suite -->
</testng-results>
